  main.cpp
C:\Users\Gary\Desktop\University of Florida Classes\Computer Science Bachelor\[3] COP3503 Programming Fundamentals 2\[6] Lab 3\Lab_3_ABS_ABQ\Lab_3_ABS_ABQ\ABS.h(165,35): warning C4244:  'initializing': conversion from 'double' to 'unsigned int', possible loss of data
C:\Users\Gary\Desktop\University of Florida Classes\Computer Science Bachelor\[3] COP3503 Programming Fundamentals 2\[6] Lab 3\Lab_3_ABS_ABQ\Lab_3_ABS_ABQ\ABS.h(136): message :  while compiling class template member function 'void ABS<int>::push(T)'
C:\Users\Gary\Desktop\University of Florida Classes\Computer Science Bachelor\[3] COP3503 Programming Fundamentals 2\[6] Lab 3\Lab_3_ABS_ABQ\Lab_3_ABS_ABQ\ABS.h(136): message :         with
C:\Users\Gary\Desktop\University of Florida Classes\Computer Science Bachelor\[3] COP3503 Programming Fundamentals 2\[6] Lab 3\Lab_3_ABS_ABQ\Lab_3_ABS_ABQ\ABS.h(136): message :         [
C:\Users\Gary\Desktop\University of Florida Classes\Computer Science Bachelor\[3] COP3503 Programming Fundamentals 2\[6] Lab 3\Lab_3_ABS_ABQ\Lab_3_ABS_ABQ\ABS.h(136): message :             T=int
C:\Users\Gary\Desktop\University of Florida Classes\Computer Science Bachelor\[3] COP3503 Programming Fundamentals 2\[6] Lab 3\Lab_3_ABS_ABQ\Lab_3_ABS_ABQ\ABS.h(136): message :         ]
C:\Users\Gary\Desktop\University of Florida Classes\Computer Science Bachelor\[3] COP3503 Programming Fundamentals 2\[6] Lab 3\Lab_3_ABS_ABQ\Lab_3_ABS_ABQ\main.cpp(31): message :  see reference to function template instantiation 'void ABS<int>::push(T)' being compiled
C:\Users\Gary\Desktop\University of Florida Classes\Computer Science Bachelor\[3] COP3503 Programming Fundamentals 2\[6] Lab 3\Lab_3_ABS_ABQ\Lab_3_ABS_ABQ\main.cpp(31): message :         with
C:\Users\Gary\Desktop\University of Florida Classes\Computer Science Bachelor\[3] COP3503 Programming Fundamentals 2\[6] Lab 3\Lab_3_ABS_ABQ\Lab_3_ABS_ABQ\main.cpp(31): message :         [
C:\Users\Gary\Desktop\University of Florida Classes\Computer Science Bachelor\[3] COP3503 Programming Fundamentals 2\[6] Lab 3\Lab_3_ABS_ABQ\Lab_3_ABS_ABQ\main.cpp(31): message :             T=int
C:\Users\Gary\Desktop\University of Florida Classes\Computer Science Bachelor\[3] COP3503 Programming Fundamentals 2\[6] Lab 3\Lab_3_ABS_ABQ\Lab_3_ABS_ABQ\main.cpp(31): message :         ]
C:\Users\Gary\Desktop\University of Florida Classes\Computer Science Bachelor\[3] COP3503 Programming Fundamentals 2\[6] Lab 3\Lab_3_ABS_ABQ\Lab_3_ABS_ABQ\main.cpp(26): message :  see reference to class template instantiation 'ABS<int>' being compiled
C:\Program Files (x86)\Microsoft Visual Studio\2019\Community\VC\Tools\MSVC\14.22.27905\include\chrono(591): message :  see reference to class template instantiation 'std::chrono::duration<double,std::ratio<1,1>>' being compiled
C:\Program Files (x86)\Microsoft Visual Studio\2019\Community\VC\Tools\MSVC\14.22.27905\include\chrono(169): message :  see reference to class template instantiation 'std::chrono::duration<__int64,std::nano>' being compiled
C:\Program Files (x86)\Microsoft Visual Studio\2019\Community\VC\Tools\MSVC\14.22.27905\include\chrono(570): message :  see reference to class template instantiation 'std::chrono::time_point<std::chrono::steady_clock,std::chrono::steady_clock::duration>' being compiled
C:\Users\Gary\Desktop\University of Florida Classes\Computer Science Bachelor\[3] COP3503 Programming Fundamentals 2\[6] Lab 3\Lab_3_ABS_ABQ\Lab_3_ABS_ABQ\ABS.h(173,29): warning C4244:  '=': conversion from 'double' to 'int', possible loss of data
C:\Users\Gary\Desktop\University of Florida Classes\Computer Science Bachelor\[3] COP3503 Programming Fundamentals 2\[6] Lab 3\Lab_3_ABS_ABQ\Lab_3_ABS_ABQ\ABS.h(214,26): warning C4244:  '=': conversion from 'double' to 'int', possible loss of data
C:\Users\Gary\Desktop\University of Florida Classes\Computer Science Bachelor\[3] COP3503 Programming Fundamentals 2\[6] Lab 3\Lab_3_ABS_ABQ\Lab_3_ABS_ABQ\ABS.h(182): message :  while compiling class template member function 'T ABS<T>::pop(void)'
C:\Users\Gary\Desktop\University of Florida Classes\Computer Science Bachelor\[3] COP3503 Programming Fundamentals 2\[6] Lab 3\Lab_3_ABS_ABQ\Lab_3_ABS_ABQ\ABS.h(182): message :         with
C:\Users\Gary\Desktop\University of Florida Classes\Computer Science Bachelor\[3] COP3503 Programming Fundamentals 2\[6] Lab 3\Lab_3_ABS_ABQ\Lab_3_ABS_ABQ\ABS.h(182): message :         [
C:\Users\Gary\Desktop\University of Florida Classes\Computer Science Bachelor\[3] COP3503 Programming Fundamentals 2\[6] Lab 3\Lab_3_ABS_ABQ\Lab_3_ABS_ABQ\ABS.h(182): message :             T=int
C:\Users\Gary\Desktop\University of Florida Classes\Computer Science Bachelor\[3] COP3503 Programming Fundamentals 2\[6] Lab 3\Lab_3_ABS_ABQ\Lab_3_ABS_ABQ\ABS.h(182): message :         ]
C:\Users\Gary\Desktop\University of Florida Classes\Computer Science Bachelor\[3] COP3503 Programming Fundamentals 2\[6] Lab 3\Lab_3_ABS_ABQ\Lab_3_ABS_ABQ\main.cpp(44): message :  see reference to function template instantiation 'T ABS<T>::pop(void)' being compiled
C:\Users\Gary\Desktop\University of Florida Classes\Computer Science Bachelor\[3] COP3503 Programming Fundamentals 2\[6] Lab 3\Lab_3_ABS_ABQ\Lab_3_ABS_ABQ\main.cpp(44): message :         with
C:\Users\Gary\Desktop\University of Florida Classes\Computer Science Bachelor\[3] COP3503 Programming Fundamentals 2\[6] Lab 3\Lab_3_ABS_ABQ\Lab_3_ABS_ABQ\main.cpp(44): message :         [
C:\Users\Gary\Desktop\University of Florida Classes\Computer Science Bachelor\[3] COP3503 Programming Fundamentals 2\[6] Lab 3\Lab_3_ABS_ABQ\Lab_3_ABS_ABQ\main.cpp(44): message :             T=int
C:\Users\Gary\Desktop\University of Florida Classes\Computer Science Bachelor\[3] COP3503 Programming Fundamentals 2\[6] Lab 3\Lab_3_ABS_ABQ\Lab_3_ABS_ABQ\main.cpp(44): message :         ]
C:\Users\Gary\Desktop\University of Florida Classes\Computer Science Bachelor\[3] COP3503 Programming Fundamentals 2\[6] Lab 3\Lab_3_ABS_ABQ\Lab_3_ABS_ABQ\ABS.h(223,30): warning C4244:  '=': conversion from 'double' to 'int', possible loss of data
C:\Users\Gary\Desktop\University of Florida Classes\Computer Science Bachelor\[3] COP3503 Programming Fundamentals 2\[6] Lab 3\Lab_3_ABS_ABQ\Lab_3_ABS_ABQ\ABS.h(234,31): warning C4244:  '=': conversion from 'double' to 'int', possible loss of data
C:\Users\Gary\Desktop\University of Florida Classes\Computer Science Bachelor\[3] COP3503 Programming Fundamentals 2\[6] Lab 3\Lab_3_ABS_ABQ\Lab_3_ABS_ABQ\ABQ.h(145,35): warning C4244:  'initializing': conversion from 'double' to 'unsigned int', possible loss of data
C:\Users\Gary\Desktop\University of Florida Classes\Computer Science Bachelor\[3] COP3503 Programming Fundamentals 2\[6] Lab 3\Lab_3_ABS_ABQ\Lab_3_ABS_ABQ\ABQ.h(117): message :  while compiling class template member function 'void ABQ<int>::enqueue(T)'
C:\Users\Gary\Desktop\University of Florida Classes\Computer Science Bachelor\[3] COP3503 Programming Fundamentals 2\[6] Lab 3\Lab_3_ABS_ABQ\Lab_3_ABS_ABQ\ABQ.h(117): message :         with
C:\Users\Gary\Desktop\University of Florida Classes\Computer Science Bachelor\[3] COP3503 Programming Fundamentals 2\[6] Lab 3\Lab_3_ABS_ABQ\Lab_3_ABS_ABQ\ABQ.h(117): message :         [
C:\Users\Gary\Desktop\University of Florida Classes\Computer Science Bachelor\[3] COP3503 Programming Fundamentals 2\[6] Lab 3\Lab_3_ABS_ABQ\Lab_3_ABS_ABQ\ABQ.h(117): message :             T=int
C:\Users\Gary\Desktop\University of Florida Classes\Computer Science Bachelor\[3] COP3503 Programming Fundamentals 2\[6] Lab 3\Lab_3_ABS_ABQ\Lab_3_ABS_ABQ\ABQ.h(117): message :         ]
C:\Users\Gary\Desktop\University of Florida Classes\Computer Science Bachelor\[3] COP3503 Programming Fundamentals 2\[6] Lab 3\Lab_3_ABS_ABQ\Lab_3_ABS_ABQ\main.cpp(84): message :  see reference to function template instantiation 'void ABQ<int>::enqueue(T)' being compiled
C:\Users\Gary\Desktop\University of Florida Classes\Computer Science Bachelor\[3] COP3503 Programming Fundamentals 2\[6] Lab 3\Lab_3_ABS_ABQ\Lab_3_ABS_ABQ\main.cpp(84): message :         with
C:\Users\Gary\Desktop\University of Florida Classes\Computer Science Bachelor\[3] COP3503 Programming Fundamentals 2\[6] Lab 3\Lab_3_ABS_ABQ\Lab_3_ABS_ABQ\main.cpp(84): message :         [
C:\Users\Gary\Desktop\University of Florida Classes\Computer Science Bachelor\[3] COP3503 Programming Fundamentals 2\[6] Lab 3\Lab_3_ABS_ABQ\Lab_3_ABS_ABQ\main.cpp(84): message :             T=int
C:\Users\Gary\Desktop\University of Florida Classes\Computer Science Bachelor\[3] COP3503 Programming Fundamentals 2\[6] Lab 3\Lab_3_ABS_ABQ\Lab_3_ABS_ABQ\main.cpp(84): message :         ]
C:\Users\Gary\Desktop\University of Florida Classes\Computer Science Bachelor\[3] COP3503 Programming Fundamentals 2\[6] Lab 3\Lab_3_ABS_ABQ\Lab_3_ABS_ABQ\main.cpp(79): message :  see reference to class template instantiation 'ABQ<int>' being compiled
C:\Users\Gary\Desktop\University of Florida Classes\Computer Science Bachelor\[3] COP3503 Programming Fundamentals 2\[6] Lab 3\Lab_3_ABS_ABQ\Lab_3_ABS_ABQ\ABQ.h(153,29): warning C4244:  '=': conversion from 'double' to 'int', possible loss of data
C:\Users\Gary\Desktop\University of Florida Classes\Computer Science Bachelor\[3] COP3503 Programming Fundamentals 2\[6] Lab 3\Lab_3_ABS_ABQ\Lab_3_ABS_ABQ\ABQ.h(222,26): warning C4244:  '=': conversion from 'double' to 'int', possible loss of data
C:\Users\Gary\Desktop\University of Florida Classes\Computer Science Bachelor\[3] COP3503 Programming Fundamentals 2\[6] Lab 3\Lab_3_ABS_ABQ\Lab_3_ABS_ABQ\ABQ.h(161): message :  while compiling class template member function 'T ABQ<T>::dequeue(void)'
C:\Users\Gary\Desktop\University of Florida Classes\Computer Science Bachelor\[3] COP3503 Programming Fundamentals 2\[6] Lab 3\Lab_3_ABS_ABQ\Lab_3_ABS_ABQ\ABQ.h(161): message :         with
C:\Users\Gary\Desktop\University of Florida Classes\Computer Science Bachelor\[3] COP3503 Programming Fundamentals 2\[6] Lab 3\Lab_3_ABS_ABQ\Lab_3_ABS_ABQ\ABQ.h(161): message :         [
C:\Users\Gary\Desktop\University of Florida Classes\Computer Science Bachelor\[3] COP3503 Programming Fundamentals 2\[6] Lab 3\Lab_3_ABS_ABQ\Lab_3_ABS_ABQ\ABQ.h(161): message :             T=int
C:\Users\Gary\Desktop\University of Florida Classes\Computer Science Bachelor\[3] COP3503 Programming Fundamentals 2\[6] Lab 3\Lab_3_ABS_ABQ\Lab_3_ABS_ABQ\ABQ.h(161): message :         ]
C:\Users\Gary\Desktop\University of Florida Classes\Computer Science Bachelor\[3] COP3503 Programming Fundamentals 2\[6] Lab 3\Lab_3_ABS_ABQ\Lab_3_ABS_ABQ\main.cpp(96): message :  see reference to function template instantiation 'T ABQ<T>::dequeue(void)' being compiled
C:\Users\Gary\Desktop\University of Florida Classes\Computer Science Bachelor\[3] COP3503 Programming Fundamentals 2\[6] Lab 3\Lab_3_ABS_ABQ\Lab_3_ABS_ABQ\main.cpp(96): message :         with
C:\Users\Gary\Desktop\University of Florida Classes\Computer Science Bachelor\[3] COP3503 Programming Fundamentals 2\[6] Lab 3\Lab_3_ABS_ABQ\Lab_3_ABS_ABQ\main.cpp(96): message :         [
C:\Users\Gary\Desktop\University of Florida Classes\Computer Science Bachelor\[3] COP3503 Programming Fundamentals 2\[6] Lab 3\Lab_3_ABS_ABQ\Lab_3_ABS_ABQ\main.cpp(96): message :             T=int
C:\Users\Gary\Desktop\University of Florida Classes\Computer Science Bachelor\[3] COP3503 Programming Fundamentals 2\[6] Lab 3\Lab_3_ABS_ABQ\Lab_3_ABS_ABQ\main.cpp(96): message :         ]
C:\Users\Gary\Desktop\University of Florida Classes\Computer Science Bachelor\[3] COP3503 Programming Fundamentals 2\[6] Lab 3\Lab_3_ABS_ABQ\Lab_3_ABS_ABQ\ABQ.h(235,30): warning C4244:  '=': conversion from 'double' to 'int', possible loss of data
C:\Users\Gary\Desktop\University of Florida Classes\Computer Science Bachelor\[3] COP3503 Programming Fundamentals 2\[6] Lab 3\Lab_3_ABS_ABQ\Lab_3_ABS_ABQ\ABQ.h(255,31): warning C4244:  '=': conversion from 'double' to 'int', possible loss of data
  Lab_3_ABS_ABQ.vcxproj -> C:\Users\Gary\Desktop\University of Florida Classes\Computer Science Bachelor\[3] COP3503 Programming Fundamentals 2\[6] Lab 3\Lab_3_ABS_ABQ\Debug\Lab_3_ABS_ABQ.exe
